<?xml version="1.0" encoding="UTF-8" ?>   
<!DOCTYPE mapper PUBLIC "-//mybatis.org//DTD Mapper 3.0//EN" "http://mybatis.org/dtd/mybatis-3-mapper.dtd">
<mapper namespace="com.lenovo.zy.info.crawler.dao.TestDaoIf">

	<resultMap id="test" type="com.lenovo.zy.info.crawler.domain.Test">
		<result column="id" property="testId" />
		<result column="title" property="title" />
		<result column="content" property="content" />
		<result column="image" property="image" />
		<result column="status" property="status" />
		<result column="createTime" property="createTime" />
		<result column="updateTime" property="updateTime" />
	</resultMap>

	<!-- 保存帐号信息 -->
	<insert id="insertTest" useGeneratedKeys="true" keyProperty="testId" parameterType="com.lenovo.zy.info.crawler.domain.Test">
		insert into
		zy_test(title, content, image, status, createTime, updateTime)
		values (#{title}, #{content},  #{image},  #{status}, now(), now())
	</insert>

</mapper>   